{"__type":"$$EventMessageWorkflow","id":"f7c73c7e-a024-457f-86dc-2c5e0f22f3b3","ts":"2025-12-11T19:21:44.173-05:00","eventName":"n8n.workflow.started","message":"n8n.workflow.started","payload":{"executionId":"18","workflowId":"XA4W5K3GTxDSOJ7q","isManual":false,"workflowName":"Worddee.ai Grammar Evaluation"}}
{"__type":"$$EventMessageConfirm","confirm":"f7c73c7e-a024-457f-86dc-2c5e0f22f3b3","ts":"2025-12-11T19:21:44.174-05:00","source":{"id":"0","name":"eventBus"}}
{"__type":"$$EventMessageNode","id":"906a8ba3-34f4-4315-becf-1f007f3929e9","ts":"2025-12-11T19:21:44.184-05:00","eventName":"n8n.node.started","message":"n8n.node.started","payload":{"workflowId":"XA4W5K3GTxDSOJ7q","workflowName":"Worddee.ai Grammar Evaluation","executionId":"18","nodeType":"n8n-nodes-base.webhook","nodeName":"Webhook","nodeId":"0687a58c-a02c-41e6-9da9-d6a6f5a65d2b"}}
{"__type":"$$EventMessageConfirm","confirm":"906a8ba3-34f4-4315-becf-1f007f3929e9","ts":"2025-12-11T19:21:44.184-05:00","source":{"id":"0","name":"eventBus"}}
{"__type":"$$EventMessageNode","id":"11d61a7c-b46f-4d2b-bb08-528d95e9b199","ts":"2025-12-11T19:21:44.188-05:00","eventName":"n8n.node.finished","message":"n8n.node.finished","payload":{"workflowId":"XA4W5K3GTxDSOJ7q","workflowName":"Worddee.ai Grammar Evaluation","executionId":"18","nodeType":"n8n-nodes-base.webhook","nodeName":"Webhook","nodeId":"0687a58c-a02c-41e6-9da9-d6a6f5a65d2b"}}
{"__type":"$$EventMessageConfirm","confirm":"11d61a7c-b46f-4d2b-bb08-528d95e9b199","ts":"2025-12-11T19:21:44.189-05:00","source":{"id":"0","name":"eventBus"}}
{"__type":"$$EventMessageNode","id":"5d92355e-eeb9-46b2-9de4-1fb7bcbe8446","ts":"2025-12-11T19:21:44.192-05:00","eventName":"n8n.node.started","message":"n8n.node.started","payload":{"workflowId":"XA4W5K3GTxDSOJ7q","workflowName":"Worddee.ai Grammar Evaluation","executionId":"18","nodeType":"n8n-nodes-base.wait","nodeName":"Wait","nodeId":"d4c2555f-9200-4655-b6f1-441100cc86d5"}}
{"__type":"$$EventMessageConfirm","confirm":"5d92355e-eeb9-46b2-9de4-1fb7bcbe8446","ts":"2025-12-11T19:21:44.192-05:00","source":{"id":"0","name":"eventBus"}}
{"__type":"$$EventMessageNode","id":"aeb3a105-0935-43c3-81bb-7b26e9afb9ba","ts":"2025-12-11T19:21:46.207-05:00","eventName":"n8n.node.finished","message":"n8n.node.finished","payload":{"workflowId":"XA4W5K3GTxDSOJ7q","workflowName":"Worddee.ai Grammar Evaluation","executionId":"18","nodeType":"n8n-nodes-base.wait","nodeName":"Wait","nodeId":"d4c2555f-9200-4655-b6f1-441100cc86d5"}}
{"__type":"$$EventMessageConfirm","confirm":"aeb3a105-0935-43c3-81bb-7b26e9afb9ba","ts":"2025-12-11T19:21:46.208-05:00","source":{"id":"0","name":"eventBus"}}
{"__type":"$$EventMessageNode","id":"bfa6b043-39e5-43fe-919e-28ee6a779cce","ts":"2025-12-11T19:21:46.210-05:00","eventName":"n8n.node.started","message":"n8n.node.started","payload":{"workflowId":"XA4W5K3GTxDSOJ7q","workflowName":"Worddee.ai Grammar Evaluation","executionId":"18","nodeType":"n8n-nodes-base.httpRequest","nodeName":"HTTP Request","nodeId":"68d12a3b-6d37-4aff-b9ce-fc05fdf455b5"}}
{"__type":"$$EventMessageConfirm","confirm":"bfa6b043-39e5-43fe-919e-28ee6a779cce","ts":"2025-12-11T19:21:46.211-05:00","source":{"id":"0","name":"eventBus"}}
{"__type":"$$EventMessageNode","id":"853eee0c-b1de-461e-9ef2-e56bc90dd618","ts":"2025-12-11T19:21:46.363-05:00","eventName":"n8n.node.finished","message":"n8n.node.finished","payload":{"workflowId":"XA4W5K3GTxDSOJ7q","workflowName":"Worddee.ai Grammar Evaluation","executionId":"18","nodeType":"n8n-nodes-base.httpRequest","nodeName":"HTTP Request","nodeId":"68d12a3b-6d37-4aff-b9ce-fc05fdf455b5"}}
{"__type":"$$EventMessageConfirm","confirm":"853eee0c-b1de-461e-9ef2-e56bc90dd618","ts":"2025-12-11T19:21:46.364-05:00","source":{"id":"0","name":"eventBus"}}
{"__type":"$$EventMessageNode","id":"18431d68-0f2b-43e8-b984-875a4e119335","ts":"2025-12-11T19:21:46.365-05:00","eventName":"n8n.node.started","message":"n8n.node.started","payload":{"workflowId":"XA4W5K3GTxDSOJ7q","workflowName":"Worddee.ai Grammar Evaluation","executionId":"18","nodeType":"n8n-nodes-base.code","nodeName":"Code in JavaScript","nodeId":"05fed3f7-f7ac-4f7f-a1f9-b4ac7bdc5d59"}}
{"__type":"$$EventMessageConfirm","confirm":"18431d68-0f2b-43e8-b984-875a4e119335","ts":"2025-12-11T19:21:46.366-05:00","source":{"id":"0","name":"eventBus"}}
{"__type":"$$EventMessageNode","id":"f6bafff8-a817-44ff-84c3-ef21b3ec552b","ts":"2025-12-11T19:21:46.436-05:00","eventName":"n8n.node.finished","message":"n8n.node.finished","payload":{"workflowId":"XA4W5K3GTxDSOJ7q","workflowName":"Worddee.ai Grammar Evaluation","executionId":"18","nodeType":"n8n-nodes-base.code","nodeName":"Code in JavaScript","nodeId":"05fed3f7-f7ac-4f7f-a1f9-b4ac7bdc5d59"}}
{"__type":"$$EventMessageConfirm","confirm":"f6bafff8-a817-44ff-84c3-ef21b3ec552b","ts":"2025-12-11T19:21:46.436-05:00","source":{"id":"0","name":"eventBus"}}
{"__type":"$$EventMessageNode","id":"dd285e5f-03bf-4083-b148-023d31e62494","ts":"2025-12-11T19:21:46.439-05:00","eventName":"n8n.node.started","message":"n8n.node.started","payload":{"workflowId":"XA4W5K3GTxDSOJ7q","workflowName":"Worddee.ai Grammar Evaluation","executionId":"18","nodeType":"n8n-nodes-base.respondToWebhook","nodeName":"Respond to Webhook","nodeId":"15bd5897-1bbc-45ca-b4a6-80d1f8c45836"}}
{"__type":"$$EventMessageConfirm","confirm":"dd285e5f-03bf-4083-b148-023d31e62494","ts":"2025-12-11T19:21:46.439-05:00","source":{"id":"0","name":"eventBus"}}
{"__type":"$$EventMessageNode","id":"de3c3125-45a6-46d3-8238-abddb4a5e406","ts":"2025-12-11T19:21:46.451-05:00","eventName":"n8n.node.finished","message":"n8n.node.finished","payload":{"workflowId":"XA4W5K3GTxDSOJ7q","workflowName":"Worddee.ai Grammar Evaluation","executionId":"18","nodeType":"n8n-nodes-base.respondToWebhook","nodeName":"Respond to Webhook","nodeId":"15bd5897-1bbc-45ca-b4a6-80d1f8c45836"}}
{"__type":"$$EventMessageConfirm","confirm":"de3c3125-45a6-46d3-8238-abddb4a5e406","ts":"2025-12-11T19:21:46.451-05:00","source":{"id":"0","name":"eventBus"}}
{"__type":"$$EventMessageWorkflow","id":"e55f5dd7-541c-42a7-921c-ea3cb0f902c6","ts":"2025-12-11T19:21:46.483-05:00","eventName":"n8n.workflow.success","message":"n8n.workflow.success","payload":{"executionId":"18","success":true,"isManual":true,"workflowId":"XA4W5K3GTxDSOJ7q","workflowName":"Worddee.ai Grammar Evaluation"}}
{"__type":"$$EventMessageConfirm","confirm":"e55f5dd7-541c-42a7-921c-ea3cb0f902c6","ts":"2025-12-11T19:21:46.483-05:00","source":{"id":"0","name":"eventBus"}}
{"__type":"$$EventMessageAudit","id":"4bf67e20-a5a3-42df-85f5-47bb40b4f47a","ts":"2025-12-11T19:29:15.418-05:00","eventName":"n8n.audit.workflow.updated","message":"n8n.audit.workflow.updated","payload":{"userId":"fe6e488b-b9ee-48af-8fe9-c09a47c8e521","_email":"sauce123473@gmail.com","_firstName":"Supicha","_lastName":"Prommin","globalRole":"global:owner","workflowId":"XA4W5K3GTxDSOJ7q","workflowName":"Worddee.ai Grammar Evaluation"}}
{"__type":"$$EventMessageConfirm","confirm":"4bf67e20-a5a3-42df-85f5-47bb40b4f47a","ts":"2025-12-11T19:29:15.418-05:00","source":{"id":"0","name":"eventBus"}}
{"__type":"$$EventMessageAudit","id":"5a5c6d53-a4f3-4bce-b94a-a1b530cb62f2","ts":"2025-12-11T19:29:17.922-05:00","eventName":"n8n.audit.workflow.updated","message":"n8n.audit.workflow.updated","payload":{"userId":"fe6e488b-b9ee-48af-8fe9-c09a47c8e521","_email":"sauce123473@gmail.com","_firstName":"Supicha","_lastName":"Prommin","globalRole":"global:owner","workflowId":"XA4W5K3GTxDSOJ7q","workflowName":"Worddee.ai Grammar Evaluation"}}
{"__type":"$$EventMessageConfirm","confirm":"5a5c6d53-a4f3-4bce-b94a-a1b530cb62f2","ts":"2025-12-11T19:29:17.922-05:00","source":{"id":"0","name":"eventBus"}}
