{"__type":"$$EventMessageWorkflow","id":"f95f4d38-2346-47a5-a337-175f738138cb","ts":"2025-12-12T07:39:55.345-05:00","eventName":"n8n.workflow.started","message":"n8n.workflow.started","payload":{"executionId":"43","workflowId":"XA4W5K3GTxDSOJ7q","isManual":false,"workflowName":"Worddee.ai Grammar Evaluation"}}
{"__type":"$$EventMessageConfirm","confirm":"f95f4d38-2346-47a5-a337-175f738138cb","ts":"2025-12-12T07:39:55.346-05:00","source":{"id":"0","name":"eventBus"}}
{"__type":"$$EventMessageNode","id":"ed8e0a0a-edef-48bb-91cc-c434e39db055","ts":"2025-12-12T07:39:55.350-05:00","eventName":"n8n.node.started","message":"n8n.node.started","payload":{"workflowId":"XA4W5K3GTxDSOJ7q","workflowName":"Worddee.ai Grammar Evaluation","executionId":"43","nodeType":"n8n-nodes-base.webhook","nodeName":"Webhook","nodeId":"0687a58c-a02c-41e6-9da9-d6a6f5a65d2b"}}
{"__type":"$$EventMessageConfirm","confirm":"ed8e0a0a-edef-48bb-91cc-c434e39db055","ts":"2025-12-12T07:39:55.352-05:00","source":{"id":"0","name":"eventBus"}}
{"__type":"$$EventMessageNode","id":"5adf8853-2048-4639-9bc6-7d000e6de11f","ts":"2025-12-12T07:39:55.356-05:00","eventName":"n8n.node.finished","message":"n8n.node.finished","payload":{"workflowId":"XA4W5K3GTxDSOJ7q","workflowName":"Worddee.ai Grammar Evaluation","executionId":"43","nodeType":"n8n-nodes-base.webhook","nodeName":"Webhook","nodeId":"0687a58c-a02c-41e6-9da9-d6a6f5a65d2b"}}
{"__type":"$$EventMessageConfirm","confirm":"5adf8853-2048-4639-9bc6-7d000e6de11f","ts":"2025-12-12T07:39:55.357-05:00","source":{"id":"0","name":"eventBus"}}
{"__type":"$$EventMessageNode","id":"1e3e0d03-07ec-43fe-941b-8df432aa4400","ts":"2025-12-12T07:39:55.357-05:00","eventName":"n8n.node.started","message":"n8n.node.started","payload":{"workflowId":"XA4W5K3GTxDSOJ7q","workflowName":"Worddee.ai Grammar Evaluation","executionId":"43","nodeType":"n8n-nodes-base.wait","nodeName":"Wait","nodeId":"d4c2555f-9200-4655-b6f1-441100cc86d5"}}
{"__type":"$$EventMessageConfirm","confirm":"1e3e0d03-07ec-43fe-941b-8df432aa4400","ts":"2025-12-12T07:39:55.358-05:00","source":{"id":"0","name":"eventBus"}}
{"__type":"$$EventMessageNode","id":"c64dc8a9-c52b-40de-9956-f12512a435b4","ts":"2025-12-12T07:39:57.366-05:00","eventName":"n8n.node.finished","message":"n8n.node.finished","payload":{"workflowId":"XA4W5K3GTxDSOJ7q","workflowName":"Worddee.ai Grammar Evaluation","executionId":"43","nodeType":"n8n-nodes-base.wait","nodeName":"Wait","nodeId":"d4c2555f-9200-4655-b6f1-441100cc86d5"}}
{"__type":"$$EventMessageConfirm","confirm":"c64dc8a9-c52b-40de-9956-f12512a435b4","ts":"2025-12-12T07:39:57.367-05:00","source":{"id":"0","name":"eventBus"}}
{"__type":"$$EventMessageNode","id":"9bb5b411-92b7-4381-97ca-390a5b6570bd","ts":"2025-12-12T07:39:57.367-05:00","eventName":"n8n.node.started","message":"n8n.node.started","payload":{"workflowId":"XA4W5K3GTxDSOJ7q","workflowName":"Worddee.ai Grammar Evaluation","executionId":"43","nodeType":"n8n-nodes-base.httpRequest","nodeName":"HTTP Request","nodeId":"68d12a3b-6d37-4aff-b9ce-fc05fdf455b5"}}
{"__type":"$$EventMessageConfirm","confirm":"9bb5b411-92b7-4381-97ca-390a5b6570bd","ts":"2025-12-12T07:39:57.368-05:00","source":{"id":"0","name":"eventBus"}}
{"__type":"$$EventMessageNode","id":"13aa4736-98be-431c-a76a-0cee34536db8","ts":"2025-12-12T07:39:57.853-05:00","eventName":"n8n.node.finished","message":"n8n.node.finished","payload":{"workflowId":"XA4W5K3GTxDSOJ7q","workflowName":"Worddee.ai Grammar Evaluation","executionId":"43","nodeType":"n8n-nodes-base.httpRequest","nodeName":"HTTP Request","nodeId":"68d12a3b-6d37-4aff-b9ce-fc05fdf455b5"}}
{"__type":"$$EventMessageConfirm","confirm":"13aa4736-98be-431c-a76a-0cee34536db8","ts":"2025-12-12T07:39:57.853-05:00","source":{"id":"0","name":"eventBus"}}
{"__type":"$$EventMessageNode","id":"615fc287-b230-47ef-afe0-e588e864c003","ts":"2025-12-12T07:39:57.854-05:00","eventName":"n8n.node.started","message":"n8n.node.started","payload":{"workflowId":"XA4W5K3GTxDSOJ7q","workflowName":"Worddee.ai Grammar Evaluation","executionId":"43","nodeType":"n8n-nodes-base.code","nodeName":"Code in JavaScript","nodeId":"05fed3f7-f7ac-4f7f-a1f9-b4ac7bdc5d59"}}
{"__type":"$$EventMessageConfirm","confirm":"615fc287-b230-47ef-afe0-e588e864c003","ts":"2025-12-12T07:39:57.854-05:00","source":{"id":"0","name":"eventBus"}}
{"__type":"$$EventMessageNode","id":"ffca3f47-5d03-4593-9922-110760d089dc","ts":"2025-12-12T07:39:57.897-05:00","eventName":"n8n.node.finished","message":"n8n.node.finished","payload":{"workflowId":"XA4W5K3GTxDSOJ7q","workflowName":"Worddee.ai Grammar Evaluation","executionId":"43","nodeType":"n8n-nodes-base.code","nodeName":"Code in JavaScript","nodeId":"05fed3f7-f7ac-4f7f-a1f9-b4ac7bdc5d59"}}
{"__type":"$$EventMessageConfirm","confirm":"ffca3f47-5d03-4593-9922-110760d089dc","ts":"2025-12-12T07:39:57.897-05:00","source":{"id":"0","name":"eventBus"}}
{"__type":"$$EventMessageNode","id":"ee19a5d4-b630-4ea3-96ea-e74a87891e04","ts":"2025-12-12T07:39:57.898-05:00","eventName":"n8n.node.started","message":"n8n.node.started","payload":{"workflowId":"XA4W5K3GTxDSOJ7q","workflowName":"Worddee.ai Grammar Evaluation","executionId":"43","nodeType":"n8n-nodes-base.respondToWebhook","nodeName":"Respond to Webhook","nodeId":"15bd5897-1bbc-45ca-b4a6-80d1f8c45836"}}
{"__type":"$$EventMessageConfirm","confirm":"ee19a5d4-b630-4ea3-96ea-e74a87891e04","ts":"2025-12-12T07:39:57.898-05:00","source":{"id":"0","name":"eventBus"}}
{"__type":"$$EventMessageNode","id":"c7ee5c16-171c-413f-9596-8586bc49f0f0","ts":"2025-12-12T07:39:57.915-05:00","eventName":"n8n.node.finished","message":"n8n.node.finished","payload":{"workflowId":"XA4W5K3GTxDSOJ7q","workflowName":"Worddee.ai Grammar Evaluation","executionId":"43","nodeType":"n8n-nodes-base.respondToWebhook","nodeName":"Respond to Webhook","nodeId":"15bd5897-1bbc-45ca-b4a6-80d1f8c45836"}}
{"__type":"$$EventMessageConfirm","confirm":"c7ee5c16-171c-413f-9596-8586bc49f0f0","ts":"2025-12-12T07:39:57.916-05:00","source":{"id":"0","name":"eventBus"}}
{"__type":"$$EventMessageWorkflow","id":"6139862c-40d1-4cb1-94ee-232d9bc47bd0","ts":"2025-12-12T07:39:57.928-05:00","eventName":"n8n.workflow.success","message":"n8n.workflow.success","payload":{"executionId":"43","success":true,"isManual":false,"workflowId":"XA4W5K3GTxDSOJ7q","workflowName":"Worddee.ai Grammar Evaluation"}}
{"__type":"$$EventMessageConfirm","confirm":"6139862c-40d1-4cb1-94ee-232d9bc47bd0","ts":"2025-12-12T07:39:57.928-05:00","source":{"id":"0","name":"eventBus"}}
{"__type":"$$EventMessageWorkflow","id":"dd5d13ba-b26c-4294-9444-2cb638a85e51","ts":"2025-12-12T07:40:16.557-05:00","eventName":"n8n.workflow.started","message":"n8n.workflow.started","payload":{"executionId":"44","workflowId":"XA4W5K3GTxDSOJ7q","isManual":false,"workflowName":"Worddee.ai Grammar Evaluation"}}
{"__type":"$$EventMessageConfirm","confirm":"dd5d13ba-b26c-4294-9444-2cb638a85e51","ts":"2025-12-12T07:40:16.558-05:00","source":{"id":"0","name":"eventBus"}}
{"__type":"$$EventMessageNode","id":"e6d8485e-e7d9-4828-a8fb-bed9dff405a8","ts":"2025-12-12T07:40:16.559-05:00","eventName":"n8n.node.started","message":"n8n.node.started","payload":{"workflowId":"XA4W5K3GTxDSOJ7q","workflowName":"Worddee.ai Grammar Evaluation","executionId":"44","nodeType":"n8n-nodes-base.webhook","nodeName":"Webhook","nodeId":"0687a58c-a02c-41e6-9da9-d6a6f5a65d2b"}}
{"__type":"$$EventMessageConfirm","confirm":"e6d8485e-e7d9-4828-a8fb-bed9dff405a8","ts":"2025-12-12T07:40:16.559-05:00","source":{"id":"0","name":"eventBus"}}
{"__type":"$$EventMessageNode","id":"243f35b3-4ec2-4393-89d0-24936b19e717","ts":"2025-12-12T07:40:16.560-05:00","eventName":"n8n.node.finished","message":"n8n.node.finished","payload":{"workflowId":"XA4W5K3GTxDSOJ7q","workflowName":"Worddee.ai Grammar Evaluation","executionId":"44","nodeType":"n8n-nodes-base.webhook","nodeName":"Webhook","nodeId":"0687a58c-a02c-41e6-9da9-d6a6f5a65d2b"}}
{"__type":"$$EventMessageConfirm","confirm":"243f35b3-4ec2-4393-89d0-24936b19e717","ts":"2025-12-12T07:40:16.560-05:00","source":{"id":"0","name":"eventBus"}}
{"__type":"$$EventMessageNode","id":"59414197-31d8-4810-97e6-4a7477eb30a9","ts":"2025-12-12T07:40:16.560-05:00","eventName":"n8n.node.started","message":"n8n.node.started","payload":{"workflowId":"XA4W5K3GTxDSOJ7q","workflowName":"Worddee.ai Grammar Evaluation","executionId":"44","nodeType":"n8n-nodes-base.wait","nodeName":"Wait","nodeId":"d4c2555f-9200-4655-b6f1-441100cc86d5"}}
{"__type":"$$EventMessageConfirm","confirm":"59414197-31d8-4810-97e6-4a7477eb30a9","ts":"2025-12-12T07:40:16.560-05:00","source":{"id":"0","name":"eventBus"}}
{"__type":"$$EventMessageNode","id":"f83cf702-72d6-4037-8737-3a0b21e4bafd","ts":"2025-12-12T07:40:18.568-05:00","eventName":"n8n.node.finished","message":"n8n.node.finished","payload":{"workflowId":"XA4W5K3GTxDSOJ7q","workflowName":"Worddee.ai Grammar Evaluation","executionId":"44","nodeType":"n8n-nodes-base.wait","nodeName":"Wait","nodeId":"d4c2555f-9200-4655-b6f1-441100cc86d5"}}
{"__type":"$$EventMessageConfirm","confirm":"f83cf702-72d6-4037-8737-3a0b21e4bafd","ts":"2025-12-12T07:40:18.569-05:00","source":{"id":"0","name":"eventBus"}}
{"__type":"$$EventMessageNode","id":"7ddaa5d6-42c4-40fc-8d9a-23fe349a33ab","ts":"2025-12-12T07:40:18.570-05:00","eventName":"n8n.node.started","message":"n8n.node.started","payload":{"workflowId":"XA4W5K3GTxDSOJ7q","workflowName":"Worddee.ai Grammar Evaluation","executionId":"44","nodeType":"n8n-nodes-base.httpRequest","nodeName":"HTTP Request","nodeId":"68d12a3b-6d37-4aff-b9ce-fc05fdf455b5"}}
{"__type":"$$EventMessageConfirm","confirm":"7ddaa5d6-42c4-40fc-8d9a-23fe349a33ab","ts":"2025-12-12T07:40:18.570-05:00","source":{"id":"0","name":"eventBus"}}
{"__type":"$$EventMessageNode","id":"a3d9f64c-110a-4b94-b589-f555a032ad06","ts":"2025-12-12T07:40:19.114-05:00","eventName":"n8n.node.finished","message":"n8n.node.finished","payload":{"workflowId":"XA4W5K3GTxDSOJ7q","workflowName":"Worddee.ai Grammar Evaluation","executionId":"44","nodeType":"n8n-nodes-base.httpRequest","nodeName":"HTTP Request","nodeId":"68d12a3b-6d37-4aff-b9ce-fc05fdf455b5"}}
{"__type":"$$EventMessageConfirm","confirm":"a3d9f64c-110a-4b94-b589-f555a032ad06","ts":"2025-12-12T07:40:19.114-05:00","source":{"id":"0","name":"eventBus"}}
{"__type":"$$EventMessageNode","id":"3bc56103-4e2f-4cb4-b8bf-7139f9cfaccd","ts":"2025-12-12T07:40:19.114-05:00","eventName":"n8n.node.started","message":"n8n.node.started","payload":{"workflowId":"XA4W5K3GTxDSOJ7q","workflowName":"Worddee.ai Grammar Evaluation","executionId":"44","nodeType":"n8n-nodes-base.code","nodeName":"Code in JavaScript","nodeId":"05fed3f7-f7ac-4f7f-a1f9-b4ac7bdc5d59"}}
{"__type":"$$EventMessageConfirm","confirm":"3bc56103-4e2f-4cb4-b8bf-7139f9cfaccd","ts":"2025-12-12T07:40:19.114-05:00","source":{"id":"0","name":"eventBus"}}
{"__type":"$$EventMessageNode","id":"5d217d6c-dd99-46c2-955f-b6e36b0b32b6","ts":"2025-12-12T07:40:19.134-05:00","eventName":"n8n.node.finished","message":"n8n.node.finished","payload":{"workflowId":"XA4W5K3GTxDSOJ7q","workflowName":"Worddee.ai Grammar Evaluation","executionId":"44","nodeType":"n8n-nodes-base.code","nodeName":"Code in JavaScript","nodeId":"05fed3f7-f7ac-4f7f-a1f9-b4ac7bdc5d59"}}
{"__type":"$$EventMessageConfirm","confirm":"5d217d6c-dd99-46c2-955f-b6e36b0b32b6","ts":"2025-12-12T07:40:19.134-05:00","source":{"id":"0","name":"eventBus"}}
{"__type":"$$EventMessageNode","id":"96902d1d-fd20-4211-a911-2b4d93a95be2","ts":"2025-12-12T07:40:19.134-05:00","eventName":"n8n.node.started","message":"n8n.node.started","payload":{"workflowId":"XA4W5K3GTxDSOJ7q","workflowName":"Worddee.ai Grammar Evaluation","executionId":"44","nodeType":"n8n-nodes-base.respondToWebhook","nodeName":"Respond to Webhook","nodeId":"15bd5897-1bbc-45ca-b4a6-80d1f8c45836"}}
{"__type":"$$EventMessageConfirm","confirm":"96902d1d-fd20-4211-a911-2b4d93a95be2","ts":"2025-12-12T07:40:19.134-05:00","source":{"id":"0","name":"eventBus"}}
{"__type":"$$EventMessageNode","id":"ac78be75-f3bc-4a11-a85f-7ba42f8781d1","ts":"2025-12-12T07:40:19.136-05:00","eventName":"n8n.node.finished","message":"n8n.node.finished","payload":{"workflowId":"XA4W5K3GTxDSOJ7q","workflowName":"Worddee.ai Grammar Evaluation","executionId":"44","nodeType":"n8n-nodes-base.respondToWebhook","nodeName":"Respond to Webhook","nodeId":"15bd5897-1bbc-45ca-b4a6-80d1f8c45836"}}
{"__type":"$$EventMessageConfirm","confirm":"ac78be75-f3bc-4a11-a85f-7ba42f8781d1","ts":"2025-12-12T07:40:19.136-05:00","source":{"id":"0","name":"eventBus"}}
{"__type":"$$EventMessageWorkflow","id":"9c448847-927d-49f7-94ce-b5f5c2ca3eb9","ts":"2025-12-12T07:40:19.136-05:00","eventName":"n8n.workflow.success","message":"n8n.workflow.success","payload":{"executionId":"44","success":true,"isManual":false,"workflowId":"XA4W5K3GTxDSOJ7q","workflowName":"Worddee.ai Grammar Evaluation"}}
{"__type":"$$EventMessageConfirm","confirm":"9c448847-927d-49f7-94ce-b5f5c2ca3eb9","ts":"2025-12-12T07:40:19.137-05:00","source":{"id":"0","name":"eventBus"}}
{"__type":"$$EventMessageWorkflow","id":"fb02a52c-078f-492a-baa6-ed5462f9ab9e","ts":"2025-12-12T07:42:39.608-05:00","eventName":"n8n.workflow.started","message":"n8n.workflow.started","payload":{"executionId":"45","workflowId":"XA4W5K3GTxDSOJ7q","isManual":false,"workflowName":"Worddee.ai Grammar Evaluation"}}
{"__type":"$$EventMessageConfirm","confirm":"fb02a52c-078f-492a-baa6-ed5462f9ab9e","ts":"2025-12-12T07:42:39.609-05:00","source":{"id":"0","name":"eventBus"}}
{"__type":"$$EventMessageNode","id":"e98d8712-92ed-4edf-8825-0718955520e1","ts":"2025-12-12T07:42:39.610-05:00","eventName":"n8n.node.started","message":"n8n.node.started","payload":{"workflowId":"XA4W5K3GTxDSOJ7q","workflowName":"Worddee.ai Grammar Evaluation","executionId":"45","nodeType":"n8n-nodes-base.webhook","nodeName":"Webhook","nodeId":"0687a58c-a02c-41e6-9da9-d6a6f5a65d2b"}}
{"__type":"$$EventMessageConfirm","confirm":"e98d8712-92ed-4edf-8825-0718955520e1","ts":"2025-12-12T07:42:39.610-05:00","source":{"id":"0","name":"eventBus"}}
{"__type":"$$EventMessageNode","id":"ab5474c3-c3c8-4522-955d-2b8d8cc36c46","ts":"2025-12-12T07:42:39.611-05:00","eventName":"n8n.node.finished","message":"n8n.node.finished","payload":{"workflowId":"XA4W5K3GTxDSOJ7q","workflowName":"Worddee.ai Grammar Evaluation","executionId":"45","nodeType":"n8n-nodes-base.webhook","nodeName":"Webhook","nodeId":"0687a58c-a02c-41e6-9da9-d6a6f5a65d2b"}}
{"__type":"$$EventMessageConfirm","confirm":"ab5474c3-c3c8-4522-955d-2b8d8cc36c46","ts":"2025-12-12T07:42:39.611-05:00","source":{"id":"0","name":"eventBus"}}
{"__type":"$$EventMessageNode","id":"597ed30b-7e48-4d2b-83ef-d62eaa734e14","ts":"2025-12-12T07:42:39.611-05:00","eventName":"n8n.node.started","message":"n8n.node.started","payload":{"workflowId":"XA4W5K3GTxDSOJ7q","workflowName":"Worddee.ai Grammar Evaluation","executionId":"45","nodeType":"n8n-nodes-base.wait","nodeName":"Wait","nodeId":"d4c2555f-9200-4655-b6f1-441100cc86d5"}}
{"__type":"$$EventMessageConfirm","confirm":"597ed30b-7e48-4d2b-83ef-d62eaa734e14","ts":"2025-12-12T07:42:39.611-05:00","source":{"id":"0","name":"eventBus"}}
{"__type":"$$EventMessageNode","id":"c19c8168-39cb-47b3-9eba-70bb47f202a0","ts":"2025-12-12T07:42:41.618-05:00","eventName":"n8n.node.finished","message":"n8n.node.finished","payload":{"workflowId":"XA4W5K3GTxDSOJ7q","workflowName":"Worddee.ai Grammar Evaluation","executionId":"45","nodeType":"n8n-nodes-base.wait","nodeName":"Wait","nodeId":"d4c2555f-9200-4655-b6f1-441100cc86d5"}}
{"__type":"$$EventMessageConfirm","confirm":"c19c8168-39cb-47b3-9eba-70bb47f202a0","ts":"2025-12-12T07:42:41.620-05:00","source":{"id":"0","name":"eventBus"}}
{"__type":"$$EventMessageNode","id":"d7b7722f-ac91-45d3-a68c-de88ca04a316","ts":"2025-12-12T07:42:41.621-05:00","eventName":"n8n.node.started","message":"n8n.node.started","payload":{"workflowId":"XA4W5K3GTxDSOJ7q","workflowName":"Worddee.ai Grammar Evaluation","executionId":"45","nodeType":"n8n-nodes-base.httpRequest","nodeName":"HTTP Request","nodeId":"68d12a3b-6d37-4aff-b9ce-fc05fdf455b5"}}
{"__type":"$$EventMessageConfirm","confirm":"d7b7722f-ac91-45d3-a68c-de88ca04a316","ts":"2025-12-12T07:42:41.621-05:00","source":{"id":"0","name":"eventBus"}}
{"__type":"$$EventMessageNode","id":"ef83d6e2-f79e-4ed6-9c6d-a0eb6e691dba","ts":"2025-12-12T07:42:42.291-05:00","eventName":"n8n.node.finished","message":"n8n.node.finished","payload":{"workflowId":"XA4W5K3GTxDSOJ7q","workflowName":"Worddee.ai Grammar Evaluation","executionId":"45","nodeType":"n8n-nodes-base.httpRequest","nodeName":"HTTP Request","nodeId":"68d12a3b-6d37-4aff-b9ce-fc05fdf455b5"}}
{"__type":"$$EventMessageConfirm","confirm":"ef83d6e2-f79e-4ed6-9c6d-a0eb6e691dba","ts":"2025-12-12T07:42:42.291-05:00","source":{"id":"0","name":"eventBus"}}
{"__type":"$$EventMessageNode","id":"faf094f0-bd6a-4851-913b-b8948790ef58","ts":"2025-12-12T07:42:42.291-05:00","eventName":"n8n.node.started","message":"n8n.node.started","payload":{"workflowId":"XA4W5K3GTxDSOJ7q","workflowName":"Worddee.ai Grammar Evaluation","executionId":"45","nodeType":"n8n-nodes-base.code","nodeName":"Code in JavaScript","nodeId":"05fed3f7-f7ac-4f7f-a1f9-b4ac7bdc5d59"}}
{"__type":"$$EventMessageConfirm","confirm":"faf094f0-bd6a-4851-913b-b8948790ef58","ts":"2025-12-12T07:42:42.291-05:00","source":{"id":"0","name":"eventBus"}}
{"__type":"$$EventMessageNode","id":"41d27f6d-3202-4355-beaf-0587063fddcc","ts":"2025-12-12T07:42:42.303-05:00","eventName":"n8n.node.finished","message":"n8n.node.finished","payload":{"workflowId":"XA4W5K3GTxDSOJ7q","workflowName":"Worddee.ai Grammar Evaluation","executionId":"45","nodeType":"n8n-nodes-base.code","nodeName":"Code in JavaScript","nodeId":"05fed3f7-f7ac-4f7f-a1f9-b4ac7bdc5d59"}}
{"__type":"$$EventMessageConfirm","confirm":"41d27f6d-3202-4355-beaf-0587063fddcc","ts":"2025-12-12T07:42:42.304-05:00","source":{"id":"0","name":"eventBus"}}
{"__type":"$$EventMessageNode","id":"e7e5efc5-e1bc-46b9-89a9-f2a9507c9c6d","ts":"2025-12-12T07:42:42.304-05:00","eventName":"n8n.node.started","message":"n8n.node.started","payload":{"workflowId":"XA4W5K3GTxDSOJ7q","workflowName":"Worddee.ai Grammar Evaluation","executionId":"45","nodeType":"n8n-nodes-base.respondToWebhook","nodeName":"Respond to Webhook","nodeId":"15bd5897-1bbc-45ca-b4a6-80d1f8c45836"}}
{"__type":"$$EventMessageConfirm","confirm":"e7e5efc5-e1bc-46b9-89a9-f2a9507c9c6d","ts":"2025-12-12T07:42:42.304-05:00","source":{"id":"0","name":"eventBus"}}
{"__type":"$$EventMessageNode","id":"77c26ba0-667f-4e78-8c28-2df961327279","ts":"2025-12-12T07:42:42.318-05:00","eventName":"n8n.node.finished","message":"n8n.node.finished","payload":{"workflowId":"XA4W5K3GTxDSOJ7q","workflowName":"Worddee.ai Grammar Evaluation","executionId":"45","nodeType":"n8n-nodes-base.respondToWebhook","nodeName":"Respond to Webhook","nodeId":"15bd5897-1bbc-45ca-b4a6-80d1f8c45836"}}
{"__type":"$$EventMessageConfirm","confirm":"77c26ba0-667f-4e78-8c28-2df961327279","ts":"2025-12-12T07:42:42.318-05:00","source":{"id":"0","name":"eventBus"}}
{"__type":"$$EventMessageWorkflow","id":"1e82ae94-21bf-49d1-bd15-48e1bbab49cb","ts":"2025-12-12T07:42:42.319-05:00","eventName":"n8n.workflow.success","message":"n8n.workflow.success","payload":{"executionId":"45","success":true,"isManual":false,"workflowId":"XA4W5K3GTxDSOJ7q","workflowName":"Worddee.ai Grammar Evaluation"}}
{"__type":"$$EventMessageConfirm","confirm":"1e82ae94-21bf-49d1-bd15-48e1bbab49cb","ts":"2025-12-12T07:42:42.319-05:00","source":{"id":"0","name":"eventBus"}}
