{"__type":"$$EventMessageWorkflow","id":"84b1b42d-fa99-4fdf-af92-b37bd5e4ab4b","ts":"2025-12-11T20:33:07.022-05:00","eventName":"n8n.workflow.started","message":"n8n.workflow.started","payload":{"executionId":"21","workflowId":"XA4W5K3GTxDSOJ7q","isManual":false,"workflowName":"Worddee.ai Grammar Evaluation"}}
{"__type":"$$EventMessageConfirm","confirm":"84b1b42d-fa99-4fdf-af92-b37bd5e4ab4b","ts":"2025-12-11T20:33:07.024-05:00","source":{"id":"0","name":"eventBus"}}
{"__type":"$$EventMessageNode","id":"0722d329-2980-48ef-a397-068996a65c4e","ts":"2025-12-11T20:33:07.026-05:00","eventName":"n8n.node.started","message":"n8n.node.started","payload":{"workflowId":"XA4W5K3GTxDSOJ7q","workflowName":"Worddee.ai Grammar Evaluation","executionId":"21","nodeType":"n8n-nodes-base.webhook","nodeName":"Webhook","nodeId":"0687a58c-a02c-41e6-9da9-d6a6f5a65d2b"}}
{"__type":"$$EventMessageConfirm","confirm":"0722d329-2980-48ef-a397-068996a65c4e","ts":"2025-12-11T20:33:07.026-05:00","source":{"id":"0","name":"eventBus"}}
{"__type":"$$EventMessageNode","id":"d5189440-231d-49bf-be33-a54117e1a79b","ts":"2025-12-11T20:33:07.029-05:00","eventName":"n8n.node.finished","message":"n8n.node.finished","payload":{"workflowId":"XA4W5K3GTxDSOJ7q","workflowName":"Worddee.ai Grammar Evaluation","executionId":"21","nodeType":"n8n-nodes-base.webhook","nodeName":"Webhook","nodeId":"0687a58c-a02c-41e6-9da9-d6a6f5a65d2b"}}
{"__type":"$$EventMessageConfirm","confirm":"d5189440-231d-49bf-be33-a54117e1a79b","ts":"2025-12-11T20:33:07.030-05:00","source":{"id":"0","name":"eventBus"}}
{"__type":"$$EventMessageNode","id":"df0b72f2-5d81-44e4-b6cf-627f805cb9f1","ts":"2025-12-11T20:33:07.031-05:00","eventName":"n8n.node.started","message":"n8n.node.started","payload":{"workflowId":"XA4W5K3GTxDSOJ7q","workflowName":"Worddee.ai Grammar Evaluation","executionId":"21","nodeType":"n8n-nodes-base.wait","nodeName":"Wait","nodeId":"d4c2555f-9200-4655-b6f1-441100cc86d5"}}
{"__type":"$$EventMessageConfirm","confirm":"df0b72f2-5d81-44e4-b6cf-627f805cb9f1","ts":"2025-12-11T20:33:07.031-05:00","source":{"id":"0","name":"eventBus"}}
{"__type":"$$EventMessageNode","id":"058be8d3-40c4-44e7-9fdf-55180fdf64a8","ts":"2025-12-11T20:33:09.064-05:00","eventName":"n8n.node.finished","message":"n8n.node.finished","payload":{"workflowId":"XA4W5K3GTxDSOJ7q","workflowName":"Worddee.ai Grammar Evaluation","executionId":"21","nodeType":"n8n-nodes-base.wait","nodeName":"Wait","nodeId":"d4c2555f-9200-4655-b6f1-441100cc86d5"}}
{"__type":"$$EventMessageConfirm","confirm":"058be8d3-40c4-44e7-9fdf-55180fdf64a8","ts":"2025-12-11T20:33:09.066-05:00","source":{"id":"0","name":"eventBus"}}
{"__type":"$$EventMessageNode","id":"9eefc88a-be15-4b70-bc5d-62dc9434f92f","ts":"2025-12-11T20:33:09.068-05:00","eventName":"n8n.node.started","message":"n8n.node.started","payload":{"workflowId":"XA4W5K3GTxDSOJ7q","workflowName":"Worddee.ai Grammar Evaluation","executionId":"21","nodeType":"n8n-nodes-base.httpRequest","nodeName":"HTTP Request","nodeId":"68d12a3b-6d37-4aff-b9ce-fc05fdf455b5"}}
{"__type":"$$EventMessageConfirm","confirm":"9eefc88a-be15-4b70-bc5d-62dc9434f92f","ts":"2025-12-11T20:33:09.068-05:00","source":{"id":"0","name":"eventBus"}}
{"__type":"$$EventMessageNode","id":"2da6087e-79b9-4551-a1f0-3ec30cbe3869","ts":"2025-12-11T20:33:09.672-05:00","eventName":"n8n.node.finished","message":"n8n.node.finished","payload":{"workflowId":"XA4W5K3GTxDSOJ7q","workflowName":"Worddee.ai Grammar Evaluation","executionId":"21","nodeType":"n8n-nodes-base.httpRequest","nodeName":"HTTP Request","nodeId":"68d12a3b-6d37-4aff-b9ce-fc05fdf455b5"}}
{"__type":"$$EventMessageConfirm","confirm":"2da6087e-79b9-4551-a1f0-3ec30cbe3869","ts":"2025-12-11T20:33:09.673-05:00","source":{"id":"0","name":"eventBus"}}
{"__type":"$$EventMessageNode","id":"03ffe321-a28b-4350-bfc4-591c7cb86072","ts":"2025-12-11T20:33:09.673-05:00","eventName":"n8n.node.started","message":"n8n.node.started","payload":{"workflowId":"XA4W5K3GTxDSOJ7q","workflowName":"Worddee.ai Grammar Evaluation","executionId":"21","nodeType":"n8n-nodes-base.code","nodeName":"Code in JavaScript","nodeId":"05fed3f7-f7ac-4f7f-a1f9-b4ac7bdc5d59"}}
{"__type":"$$EventMessageConfirm","confirm":"03ffe321-a28b-4350-bfc4-591c7cb86072","ts":"2025-12-11T20:33:09.673-05:00","source":{"id":"0","name":"eventBus"}}
{"__type":"$$EventMessageNode","id":"c17befa4-af90-45fd-93bd-b5012cf9b459","ts":"2025-12-11T20:33:09.740-05:00","eventName":"n8n.node.finished","message":"n8n.node.finished","payload":{"workflowId":"XA4W5K3GTxDSOJ7q","workflowName":"Worddee.ai Grammar Evaluation","executionId":"21","nodeType":"n8n-nodes-base.code","nodeName":"Code in JavaScript","nodeId":"05fed3f7-f7ac-4f7f-a1f9-b4ac7bdc5d59"}}
{"__type":"$$EventMessageConfirm","confirm":"c17befa4-af90-45fd-93bd-b5012cf9b459","ts":"2025-12-11T20:33:09.740-05:00","source":{"id":"0","name":"eventBus"}}
{"__type":"$$EventMessageNode","id":"810b5821-85c0-4a0a-b0b7-72171a40b17c","ts":"2025-12-11T20:33:09.741-05:00","eventName":"n8n.node.started","message":"n8n.node.started","payload":{"workflowId":"XA4W5K3GTxDSOJ7q","workflowName":"Worddee.ai Grammar Evaluation","executionId":"21","nodeType":"n8n-nodes-base.respondToWebhook","nodeName":"Respond to Webhook","nodeId":"15bd5897-1bbc-45ca-b4a6-80d1f8c45836"}}
{"__type":"$$EventMessageConfirm","confirm":"810b5821-85c0-4a0a-b0b7-72171a40b17c","ts":"2025-12-11T20:33:09.741-05:00","source":{"id":"0","name":"eventBus"}}
{"__type":"$$EventMessageNode","id":"7652f03d-a813-46cd-beae-baa78cc25c2b","ts":"2025-12-11T20:33:09.760-05:00","eventName":"n8n.node.finished","message":"n8n.node.finished","payload":{"workflowId":"XA4W5K3GTxDSOJ7q","workflowName":"Worddee.ai Grammar Evaluation","executionId":"21","nodeType":"n8n-nodes-base.respondToWebhook","nodeName":"Respond to Webhook","nodeId":"15bd5897-1bbc-45ca-b4a6-80d1f8c45836"}}
{"__type":"$$EventMessageConfirm","confirm":"7652f03d-a813-46cd-beae-baa78cc25c2b","ts":"2025-12-11T20:33:09.760-05:00","source":{"id":"0","name":"eventBus"}}
{"__type":"$$EventMessageWorkflow","id":"451e8c84-8d18-427c-9966-f68b394f4e7f","ts":"2025-12-11T20:33:09.764-05:00","eventName":"n8n.workflow.success","message":"n8n.workflow.success","payload":{"executionId":"21","success":true,"isManual":false,"workflowId":"XA4W5K3GTxDSOJ7q","workflowName":"Worddee.ai Grammar Evaluation"}}
{"__type":"$$EventMessageConfirm","confirm":"451e8c84-8d18-427c-9966-f68b394f4e7f","ts":"2025-12-11T20:33:09.769-05:00","source":{"id":"0","name":"eventBus"}}
