{"__type":"$$EventMessageAudit","id":"ee65b3e4-04f7-4f57-9d7d-f3c58cd19cd6","ts":"2025-12-11T20:02:39.697-05:00","eventName":"n8n.audit.workflow.updated","message":"n8n.audit.workflow.updated","payload":{"userId":"fe6e488b-b9ee-48af-8fe9-c09a47c8e521","_email":"sauce123473@gmail.com","_firstName":"Supicha","_lastName":"Prommin","globalRole":"global:owner","workflowId":"XA4W5K3GTxDSOJ7q","workflowName":"Worddee.ai Grammar Evaluation"}}
{"__type":"$$EventMessageConfirm","confirm":"ee65b3e4-04f7-4f57-9d7d-f3c58cd19cd6","ts":"2025-12-11T20:02:39.698-05:00","source":{"id":"0","name":"eventBus"}}
{"__type":"$$EventMessageAudit","id":"75c854bb-f67c-4c18-86ad-d59dfb9fbaf9","ts":"2025-12-11T20:05:59.744-05:00","eventName":"n8n.audit.workflow.updated","message":"n8n.audit.workflow.updated","payload":{"userId":"fe6e488b-b9ee-48af-8fe9-c09a47c8e521","_email":"sauce123473@gmail.com","_firstName":"Supicha","_lastName":"Prommin","globalRole":"global:owner","workflowId":"XA4W5K3GTxDSOJ7q","workflowName":"Worddee.ai Grammar Evaluation"}}
{"__type":"$$EventMessageConfirm","confirm":"75c854bb-f67c-4c18-86ad-d59dfb9fbaf9","ts":"2025-12-11T20:05:59.745-05:00","source":{"id":"0","name":"eventBus"}}
{"__type":"$$EventMessageWorkflow","id":"50b836f8-ed52-4bbb-887b-b18dc449941e","ts":"2025-12-11T20:09:18.060-05:00","eventName":"n8n.workflow.started","message":"n8n.workflow.started","payload":{"executionId":"19","workflowId":"XA4W5K3GTxDSOJ7q","isManual":false,"workflowName":"Worddee.ai Grammar Evaluation"}}
{"__type":"$$EventMessageConfirm","confirm":"50b836f8-ed52-4bbb-887b-b18dc449941e","ts":"2025-12-11T20:09:18.060-05:00","source":{"id":"0","name":"eventBus"}}
{"__type":"$$EventMessageNode","id":"6b227796-435a-4efd-ac4c-9842975dea17","ts":"2025-12-11T20:09:18.070-05:00","eventName":"n8n.node.started","message":"n8n.node.started","payload":{"workflowId":"XA4W5K3GTxDSOJ7q","workflowName":"Worddee.ai Grammar Evaluation","executionId":"19","nodeType":"n8n-nodes-base.webhook","nodeName":"Webhook","nodeId":"0687a58c-a02c-41e6-9da9-d6a6f5a65d2b"}}
{"__type":"$$EventMessageConfirm","confirm":"6b227796-435a-4efd-ac4c-9842975dea17","ts":"2025-12-11T20:09:18.070-05:00","source":{"id":"0","name":"eventBus"}}
{"__type":"$$EventMessageNode","id":"01725ed6-c30c-440d-859d-e47622b6a9ef","ts":"2025-12-11T20:09:18.074-05:00","eventName":"n8n.node.finished","message":"n8n.node.finished","payload":{"workflowId":"XA4W5K3GTxDSOJ7q","workflowName":"Worddee.ai Grammar Evaluation","executionId":"19","nodeType":"n8n-nodes-base.webhook","nodeName":"Webhook","nodeId":"0687a58c-a02c-41e6-9da9-d6a6f5a65d2b"}}
{"__type":"$$EventMessageConfirm","confirm":"01725ed6-c30c-440d-859d-e47622b6a9ef","ts":"2025-12-11T20:09:18.075-05:00","source":{"id":"0","name":"eventBus"}}
{"__type":"$$EventMessageNode","id":"4a5dc0d8-c35b-4bf3-ac30-916a9c73e89c","ts":"2025-12-11T20:09:18.076-05:00","eventName":"n8n.node.started","message":"n8n.node.started","payload":{"workflowId":"XA4W5K3GTxDSOJ7q","workflowName":"Worddee.ai Grammar Evaluation","executionId":"19","nodeType":"n8n-nodes-base.wait","nodeName":"Wait","nodeId":"d4c2555f-9200-4655-b6f1-441100cc86d5"}}
{"__type":"$$EventMessageConfirm","confirm":"4a5dc0d8-c35b-4bf3-ac30-916a9c73e89c","ts":"2025-12-11T20:09:18.076-05:00","source":{"id":"0","name":"eventBus"}}
{"__type":"$$EventMessageNode","id":"b4eefa76-b91b-40c5-b550-3a97ce7db025","ts":"2025-12-11T20:09:20.089-05:00","eventName":"n8n.node.finished","message":"n8n.node.finished","payload":{"workflowId":"XA4W5K3GTxDSOJ7q","workflowName":"Worddee.ai Grammar Evaluation","executionId":"19","nodeType":"n8n-nodes-base.wait","nodeName":"Wait","nodeId":"d4c2555f-9200-4655-b6f1-441100cc86d5"}}
{"__type":"$$EventMessageConfirm","confirm":"b4eefa76-b91b-40c5-b550-3a97ce7db025","ts":"2025-12-11T20:09:20.090-05:00","source":{"id":"0","name":"eventBus"}}
{"__type":"$$EventMessageNode","id":"302598de-6cf6-453b-b83d-c029307df16c","ts":"2025-12-11T20:09:20.097-05:00","eventName":"n8n.node.started","message":"n8n.node.started","payload":{"workflowId":"XA4W5K3GTxDSOJ7q","workflowName":"Worddee.ai Grammar Evaluation","executionId":"19","nodeType":"n8n-nodes-base.httpRequest","nodeName":"HTTP Request","nodeId":"68d12a3b-6d37-4aff-b9ce-fc05fdf455b5"}}
{"__type":"$$EventMessageConfirm","confirm":"302598de-6cf6-453b-b83d-c029307df16c","ts":"2025-12-11T20:09:20.097-05:00","source":{"id":"0","name":"eventBus"}}
{"__type":"$$EventMessageNode","id":"810f1127-c8cb-48bc-b1e9-6c3e4a0ca88b","ts":"2025-12-11T20:09:20.790-05:00","eventName":"n8n.node.finished","message":"n8n.node.finished","payload":{"workflowId":"XA4W5K3GTxDSOJ7q","workflowName":"Worddee.ai Grammar Evaluation","executionId":"19","nodeType":"n8n-nodes-base.httpRequest","nodeName":"HTTP Request","nodeId":"68d12a3b-6d37-4aff-b9ce-fc05fdf455b5"}}
{"__type":"$$EventMessageConfirm","confirm":"810f1127-c8cb-48bc-b1e9-6c3e4a0ca88b","ts":"2025-12-11T20:09:20.791-05:00","source":{"id":"0","name":"eventBus"}}
{"__type":"$$EventMessageWorkflow","id":"17697e67-dabd-40e0-ae8f-55dccea4cf01","ts":"2025-12-11T20:09:20.802-05:00","eventName":"n8n.workflow.failed","message":"n8n.workflow.failed","payload":{"executionId":"19","success":false,"isManual":true,"workflowId":"XA4W5K3GTxDSOJ7q","workflowName":"Worddee.ai Grammar Evaluation","lastNodeExecuted":"HTTP Request","errorNodeType":"n8n-nodes-base.httpRequest","errorMessage":"Bad request - please check your parameters"}}
{"__type":"$$EventMessageConfirm","confirm":"17697e67-dabd-40e0-ae8f-55dccea4cf01","ts":"2025-12-11T20:09:20.802-05:00","source":{"id":"0","name":"eventBus"}}
{"__type":"$$EventMessageAudit","id":"b89fc879-758a-4f06-97f8-4eb0a1b3484b","ts":"2025-12-11T20:12:28.466-05:00","eventName":"n8n.audit.workflow.updated","message":"n8n.audit.workflow.updated","payload":{"userId":"fe6e488b-b9ee-48af-8fe9-c09a47c8e521","_email":"sauce123473@gmail.com","_firstName":"Supicha","_lastName":"Prommin","globalRole":"global:owner","workflowId":"XA4W5K3GTxDSOJ7q","workflowName":"Worddee.ai Grammar Evaluation"}}
{"__type":"$$EventMessageConfirm","confirm":"b89fc879-758a-4f06-97f8-4eb0a1b3484b","ts":"2025-12-11T20:12:28.467-05:00","source":{"id":"0","name":"eventBus"}}
{"__type":"$$EventMessageWorkflow","id":"1711d233-3fe5-4e15-b65e-1d3a5f55020b","ts":"2025-12-11T20:12:47.047-05:00","eventName":"n8n.workflow.started","message":"n8n.workflow.started","payload":{"executionId":"20","workflowId":"XA4W5K3GTxDSOJ7q","isManual":false,"workflowName":"Worddee.ai Grammar Evaluation"}}
{"__type":"$$EventMessageConfirm","confirm":"1711d233-3fe5-4e15-b65e-1d3a5f55020b","ts":"2025-12-11T20:12:47.048-05:00","source":{"id":"0","name":"eventBus"}}
{"__type":"$$EventMessageNode","id":"85d97450-1830-42f2-9a47-222a84827279","ts":"2025-12-11T20:12:47.050-05:00","eventName":"n8n.node.started","message":"n8n.node.started","payload":{"workflowId":"XA4W5K3GTxDSOJ7q","workflowName":"Worddee.ai Grammar Evaluation","executionId":"20","nodeType":"n8n-nodes-base.webhook","nodeName":"Webhook","nodeId":"0687a58c-a02c-41e6-9da9-d6a6f5a65d2b"}}
{"__type":"$$EventMessageConfirm","confirm":"85d97450-1830-42f2-9a47-222a84827279","ts":"2025-12-11T20:12:47.050-05:00","source":{"id":"0","name":"eventBus"}}
{"__type":"$$EventMessageNode","id":"3a94cec7-cc96-4ffb-acb1-8812c59de411","ts":"2025-12-11T20:12:47.051-05:00","eventName":"n8n.node.finished","message":"n8n.node.finished","payload":{"workflowId":"XA4W5K3GTxDSOJ7q","workflowName":"Worddee.ai Grammar Evaluation","executionId":"20","nodeType":"n8n-nodes-base.webhook","nodeName":"Webhook","nodeId":"0687a58c-a02c-41e6-9da9-d6a6f5a65d2b"}}
{"__type":"$$EventMessageConfirm","confirm":"3a94cec7-cc96-4ffb-acb1-8812c59de411","ts":"2025-12-11T20:12:47.051-05:00","source":{"id":"0","name":"eventBus"}}
{"__type":"$$EventMessageNode","id":"be326da6-6bc7-47ca-9c87-bd00e30f2d8b","ts":"2025-12-11T20:12:47.052-05:00","eventName":"n8n.node.started","message":"n8n.node.started","payload":{"workflowId":"XA4W5K3GTxDSOJ7q","workflowName":"Worddee.ai Grammar Evaluation","executionId":"20","nodeType":"n8n-nodes-base.wait","nodeName":"Wait","nodeId":"d4c2555f-9200-4655-b6f1-441100cc86d5"}}
{"__type":"$$EventMessageConfirm","confirm":"be326da6-6bc7-47ca-9c87-bd00e30f2d8b","ts":"2025-12-11T20:12:47.052-05:00","source":{"id":"0","name":"eventBus"}}
{"__type":"$$EventMessageNode","id":"3b35860d-cece-4571-a307-a9e521a788a6","ts":"2025-12-11T20:12:49.063-05:00","eventName":"n8n.node.finished","message":"n8n.node.finished","payload":{"workflowId":"XA4W5K3GTxDSOJ7q","workflowName":"Worddee.ai Grammar Evaluation","executionId":"20","nodeType":"n8n-nodes-base.wait","nodeName":"Wait","nodeId":"d4c2555f-9200-4655-b6f1-441100cc86d5"}}
{"__type":"$$EventMessageConfirm","confirm":"3b35860d-cece-4571-a307-a9e521a788a6","ts":"2025-12-11T20:12:49.063-05:00","source":{"id":"0","name":"eventBus"}}
{"__type":"$$EventMessageNode","id":"ee7d650a-ac6c-4b5a-807e-0a49d2a5770d","ts":"2025-12-11T20:12:49.064-05:00","eventName":"n8n.node.started","message":"n8n.node.started","payload":{"workflowId":"XA4W5K3GTxDSOJ7q","workflowName":"Worddee.ai Grammar Evaluation","executionId":"20","nodeType":"n8n-nodes-base.httpRequest","nodeName":"HTTP Request","nodeId":"68d12a3b-6d37-4aff-b9ce-fc05fdf455b5"}}
{"__type":"$$EventMessageConfirm","confirm":"ee7d650a-ac6c-4b5a-807e-0a49d2a5770d","ts":"2025-12-11T20:12:49.064-05:00","source":{"id":"0","name":"eventBus"}}
{"__type":"$$EventMessageNode","id":"ff672453-c1e7-4b60-ba68-c033335f46be","ts":"2025-12-11T20:12:49.647-05:00","eventName":"n8n.node.finished","message":"n8n.node.finished","payload":{"workflowId":"XA4W5K3GTxDSOJ7q","workflowName":"Worddee.ai Grammar Evaluation","executionId":"20","nodeType":"n8n-nodes-base.httpRequest","nodeName":"HTTP Request","nodeId":"68d12a3b-6d37-4aff-b9ce-fc05fdf455b5"}}
{"__type":"$$EventMessageConfirm","confirm":"ff672453-c1e7-4b60-ba68-c033335f46be","ts":"2025-12-11T20:12:49.647-05:00","source":{"id":"0","name":"eventBus"}}
{"__type":"$$EventMessageNode","id":"725143c5-9184-45d4-a838-84b0fc3913a7","ts":"2025-12-11T20:12:49.652-05:00","eventName":"n8n.node.started","message":"n8n.node.started","payload":{"workflowId":"XA4W5K3GTxDSOJ7q","workflowName":"Worddee.ai Grammar Evaluation","executionId":"20","nodeType":"n8n-nodes-base.code","nodeName":"Code in JavaScript","nodeId":"05fed3f7-f7ac-4f7f-a1f9-b4ac7bdc5d59"}}
{"__type":"$$EventMessageConfirm","confirm":"725143c5-9184-45d4-a838-84b0fc3913a7","ts":"2025-12-11T20:12:49.652-05:00","source":{"id":"0","name":"eventBus"}}
{"__type":"$$EventMessageNode","id":"895baed8-f956-4d18-8c2d-412a05da8cfd","ts":"2025-12-11T20:12:49.771-05:00","eventName":"n8n.node.finished","message":"n8n.node.finished","payload":{"workflowId":"XA4W5K3GTxDSOJ7q","workflowName":"Worddee.ai Grammar Evaluation","executionId":"20","nodeType":"n8n-nodes-base.code","nodeName":"Code in JavaScript","nodeId":"05fed3f7-f7ac-4f7f-a1f9-b4ac7bdc5d59"}}
{"__type":"$$EventMessageConfirm","confirm":"895baed8-f956-4d18-8c2d-412a05da8cfd","ts":"2025-12-11T20:12:49.771-05:00","source":{"id":"0","name":"eventBus"}}
{"__type":"$$EventMessageNode","id":"452d7bbe-3f79-4116-bb07-0f34189d1549","ts":"2025-12-11T20:12:49.775-05:00","eventName":"n8n.node.started","message":"n8n.node.started","payload":{"workflowId":"XA4W5K3GTxDSOJ7q","workflowName":"Worddee.ai Grammar Evaluation","executionId":"20","nodeType":"n8n-nodes-base.respondToWebhook","nodeName":"Respond to Webhook","nodeId":"15bd5897-1bbc-45ca-b4a6-80d1f8c45836"}}
{"__type":"$$EventMessageConfirm","confirm":"452d7bbe-3f79-4116-bb07-0f34189d1549","ts":"2025-12-11T20:12:49.775-05:00","source":{"id":"0","name":"eventBus"}}
{"__type":"$$EventMessageNode","id":"67d6c38d-b8c5-4121-b241-ad3b5566f727","ts":"2025-12-11T20:12:49.788-05:00","eventName":"n8n.node.finished","message":"n8n.node.finished","payload":{"workflowId":"XA4W5K3GTxDSOJ7q","workflowName":"Worddee.ai Grammar Evaluation","executionId":"20","nodeType":"n8n-nodes-base.respondToWebhook","nodeName":"Respond to Webhook","nodeId":"15bd5897-1bbc-45ca-b4a6-80d1f8c45836"}}
{"__type":"$$EventMessageConfirm","confirm":"67d6c38d-b8c5-4121-b241-ad3b5566f727","ts":"2025-12-11T20:12:49.788-05:00","source":{"id":"0","name":"eventBus"}}
{"__type":"$$EventMessageWorkflow","id":"15e46559-546c-4506-8a8b-9c63f7679748","ts":"2025-12-11T20:12:49.815-05:00","eventName":"n8n.workflow.success","message":"n8n.workflow.success","payload":{"executionId":"20","success":true,"isManual":true,"workflowId":"XA4W5K3GTxDSOJ7q","workflowName":"Worddee.ai Grammar Evaluation"}}
{"__type":"$$EventMessageConfirm","confirm":"15e46559-546c-4506-8a8b-9c63f7679748","ts":"2025-12-11T20:12:49.815-05:00","source":{"id":"0","name":"eventBus"}}
{"__type":"$$EventMessageAudit","id":"85b2e308-8ce8-4cf3-bedd-b978a0e21572","ts":"2025-12-11T20:21:33.145-05:00","eventName":"n8n.audit.workflow.updated","message":"n8n.audit.workflow.updated","payload":{"userId":"fe6e488b-b9ee-48af-8fe9-c09a47c8e521","_email":"sauce123473@gmail.com","_firstName":"Supicha","_lastName":"Prommin","globalRole":"global:owner","workflowId":"XA4W5K3GTxDSOJ7q","workflowName":"Worddee.ai Grammar Evaluation"}}
{"__type":"$$EventMessageConfirm","confirm":"85b2e308-8ce8-4cf3-bedd-b978a0e21572","ts":"2025-12-11T20:21:33.146-05:00","source":{"id":"0","name":"eventBus"}}
{"__type":"$$EventMessageAudit","id":"92f6af50-7757-4ae2-ab5a-358866de8902","ts":"2025-12-11T20:21:34.749-05:00","eventName":"n8n.audit.workflow.updated","message":"n8n.audit.workflow.updated","payload":{"userId":"fe6e488b-b9ee-48af-8fe9-c09a47c8e521","_email":"sauce123473@gmail.com","_firstName":"Supicha","_lastName":"Prommin","globalRole":"global:owner","workflowId":"XA4W5K3GTxDSOJ7q","workflowName":"Worddee.ai Grammar Evaluation"}}
{"__type":"$$EventMessageConfirm","confirm":"92f6af50-7757-4ae2-ab5a-358866de8902","ts":"2025-12-11T20:21:34.750-05:00","source":{"id":"0","name":"eventBus"}}
